INFO:root:Logging for Date 2014-03-14 18:27:12

INFO:root:Logging for Date 2014-03-14 18:29:02

INFO:root:Logging for Date 2014-03-14 18:30:42

INFO:root:Logging for Date 2014-03-14 18:30:51

INFO:root:Logging for Date 2014-03-14 18:30:55

INFO:root:Logging for Date 2014-03-14 18:30:59

INFO:root:Logging for Date 2014-03-14 18:31:02

INFO:root:Logging for Date 2014-03-14 18:31:04

INFO:root:Logging for Date 2014-03-14 18:31:15

INFO:root:Logging for Date 2014-03-14 18:31:23

INFO:root:Logging for Date 2014-03-14 18:31:27

INFO:root:Logging for Date 2014-03-14 18:32:06

INFO:root:Logging for Date 2014-03-14 18:32:09

INFO:root:Logging for Date 2014-03-14 18:32:13

INFO:root:Logging for Date 2014-03-14 18:32:19

INFO:root:Logging for Date 2014-03-14 18:32:25

INFO:root:Logging for Date 2014-03-14 18:32:28

INFO:root:Logging for Date 2014-03-14 18:32:52

INFO:root:Logging for Date 2014-03-14 18:33:19

INFO:root:Logging for Date 2014-03-14 18:33:27

INFO:root:Logging for Date 2014-03-14 18:33:35

INFO:root:Logging for Date 2014-03-14 18:33:39

INFO:root:Logging for Date 2014-03-14 18:33:43

INFO:root:Logging for Date 2014-03-14 18:33:57

INFO:root:Logging for Date 2014-03-14 18:34:05

INFO:root:Logging for Date 2014-03-14 18:35:11

INFO:root:Logging for Date 2014-03-14 18:35:18

INFO:root:Logging for Date 2014-03-14 18:35:21

INFO:root:Logging for Date 2014-03-14 18:35:24

INFO:root:Logging for Date 2014-03-14 18:35:34

INFO:root:Logging for Date 2014-03-14 18:35:37

INFO:root:Logging for Date 2014-03-14 18:35:49

INFO:root:Logging for Date 2014-03-14 18:36:14

INFO:root:Logging for Date 2014-03-14 18:36:30

INFO:root:Logging for Date 2014-03-14 18:36:49

INFO:root:Logger started!::::::::::::::::::

INFO:root:System Information

INFO:root:platform = Windows-7-6.1.7601-SP1
INFO:root:major = 6
INFO:root:minor = 1
INFO:root:build = 7601
INFO:root:platformType = 2
INFO:root:isWindows = True
INFO:root:WindowsType = 7
INFO:root:bitType = Win64
INFO:root:Logging for Date 2014-03-14 18:36:51

INFO:root:Logging for Date 2014-03-14 18:38:19

INFO:root:Logger started!::::::::::::::::::

INFO:root:System Information

INFO:root:platform = Windows-7-6.1.7601-SP1
INFO:root:major = 6
INFO:root:minor = 1
INFO:root:build = 7601
INFO:root:platformType = 2
INFO:root:isWindows = True
INFO:root:WindowsType = 7
INFO:root:bitType = Win64
INFO:root:Logging for Date 2014-03-14 18:38:24

INFO:root:Logging for Date 2014-03-14 18:38:35

INFO:root:Logger started!::::::::::::::::::

INFO:root:System Information

INFO:root:platform = Windows-7-6.1.7601-SP1
INFO:root:major = 6
INFO:root:minor = 1
INFO:root:build = 7601
INFO:root:platformType = 2
INFO:root:isWindows = True
INFO:root:WindowsType = 7
INFO:root:bitType = Win64
INFO:root:Logging for Date 2014-03-14 18:39:13

INFO:root:Logger started!::::::::::::::::::

INFO:root:System Information

INFO:root:platform = Windows-7-6.1.7601-SP1
INFO:root:major = 6
INFO:root:minor = 1
INFO:root:build = 7601
INFO:root:platformType = 2
INFO:root:isWindows = True
INFO:root:WindowsType = 7
INFO:root:bitType = Win64
INFO:root:Logging for Date 2014-03-14 18:41:09

INFO:root:Logging for Date 2014-03-14 18:44:01

INFO:root:Logging for Date 2014-03-14 18:44:05

INFO:root:Logging for Date 2014-03-14 18:44:14

INFO:root:Logging for Date 2014-03-14 18:49:10

INFO:root:Logging for Date 2014-03-14 18:49:18

INFO:root:Logging for Date 2014-03-14 18:49:23

INFO:root:Logging for Date 2014-03-14 18:50:05

INFO:root:Logging for Date 2014-03-14 18:50:07

INFO:root:Logging for Date 2014-03-14 18:50:09

INFO:root:Logging for Date 2014-03-14 18:50:25

INFO:root:Logging for Date 2014-03-14 18:50:42

INFO:root:Logging for Date 2014-03-14 18:50:49

INFO:root:Logging for Date 2014-03-14 18:51:28

INFO:root:Logging for Date 2014-03-14 18:51:37

INFO:root:Logging for Date 2014-03-14 18:51:44

INFO:root:Logging for Date 2014-03-14 18:52:11

INFO:root:Logging for Date 2014-03-14 18:52:18

INFO:root:Logging for Date 2014-03-14 18:53:36

INFO:root:Logging for Date 2014-03-14 18:53:56

INFO:root:Logging for Date 2014-03-14 18:54:09

INFO:root:Logging for Date 2014-03-14 18:54:43

INFO:root:Logging for Date 2014-03-14 18:54:49

INFO:root:Logging for Date 2014-03-14 18:54:57

INFO:root:Logging for Date 2014-03-14 18:55:02

INFO:root:Logging for Date 2014-03-14 18:55:39

INFO:root:Logging for Date 2014-03-14 18:58:23

INFO:root:Logging for Date 2014-03-14 18:58:37

INFO:root:Logging for Date 2014-03-14 19:14:24

INFO:root:Logging for Date 2014-03-14 19:17:40

INFO:root:Logging for Date 2014-03-14 19:32:29

INFO:root:Logging for Date 2014-03-14 19:34:51

INFO:root:Logging for Date 2014-03-14 19:34:56

INFO:root:Logging for Date 2014-03-14 19:34:58

INFO:root:Logging for Date 2014-03-14 19:35:07

INFO:root:Logging for Date 2014-03-14 19:37:26

INFO:root:Logging for Date 2014-03-14 19:37:36

INFO:root:Logging for Date 2014-03-14 19:37:38

INFO:root:Logging for Date 2014-03-14 19:37:48

INFO:root:Logging for Date 2014-03-14 19:38:36

INFO:root:Logging for Date 2014-03-14 19:38:47

INFO:root:Logging for Date 2014-03-14 19:38:56

INFO:root:Logging for Date 2014-03-14 19:40:01

INFO:root:Logging for Date 2014-03-14 19:40:06

INFO:root:Logging for Date 2014-03-14 19:43:17

INFO:root:Logging for Date 2014-03-14 19:44:00

INFO:root:Logging for Date 2014-03-14 19:44:06

INFO:root:Logging for Date 2014-03-14 19:44:12

INFO:root:Logging for Date 2014-03-14 19:44:43

INFO:root:Logging for Date 2014-03-14 19:44:49

INFO:root:Logging for Date 2014-03-14 19:44:53

INFO:root:Logging for Date 2014-03-14 19:44:59

INFO:root:Logging for Date 2014-03-14 19:45:04

INFO:root:Logging for Date 2014-03-14 19:45:09

INFO:root:Logging for Date 2014-03-14 19:45:12

INFO:root:Logging for Date 2014-03-14 19:47:05

INFO:root:Logging for Date 2014-03-14 19:50:30

INFO:root:Logging for Date 2014-03-14 19:50:38

INFO:root:Logging for Date 2014-03-14 19:50:48

INFO:root:Logging for Date 2014-03-14 19:51:11

INFO:root:Logging for Date 2014-03-14 19:51:17

INFO:root:Logging for Date 2014-03-14 19:51:20

INFO:root:Logging for Date 2014-03-14 19:51:41

INFO:root:Logging for Date 2014-03-14 19:51:45

INFO:root:Logging for Date 2014-03-14 19:52:38

INFO:root:Logging for Date 2014-03-14 19:52:45

INFO:root:Logging for Date 2014-03-14 19:52:49

INFO:root:Logging for Date 2014-03-14 19:53:01

INFO:root:Logging for Date 2014-03-14 19:59:37

INFO:root:Logging for Date 2014-03-14 19:59:40

INFO:root:Logging for Date 2014-03-14 20:00:28

INFO:root:Logging for Date 2014-03-14 20:00:33

INFO:root:Logging for Date 2014-03-14 20:00:58

INFO:root:Logging for Date 2014-03-14 20:01:24

INFO:root:Logging for Date 2014-03-14 20:01:30

INFO:root:Logging for Date 2014-03-14 20:01:34

INFO:root:Logging for Date 2014-03-14 20:03:19

INFO:root:Logging for Date 2014-03-14 20:03:28

INFO:root:Logging for Date 2014-03-14 20:03:52

INFO:root:Logging for Date 2014-03-14 20:04:23

INFO:root:Logging for Date 2014-03-14 20:04:38

INFO:root:Logging for Date 2014-03-14 20:04:46

INFO:root:Logging for Date 2014-03-14 20:04:53

INFO:root:Logging for Date 2014-03-14 20:05:17

INFO:root:Logging for Date 2014-03-14 20:05:20

INFO:root:Logging for Date 2014-03-14 20:05:26

INFO:root:Logging for Date 2014-03-14 20:05:30

INFO:root:Logging for Date 2014-03-14 20:06:47

INFO:root:Logging for Date 2014-03-14 20:06:58

INFO:root:Logging for Date 2014-03-14 20:07:04

INFO:root:Logging for Date 2014-03-14 20:07:08

INFO:root:Logging for Date 2014-03-14 20:07:46

INFO:root:Logging for Date 2014-03-14 20:08:19

INFO:root:Logging for Date 2014-03-14 20:08:23

INFO:root:Logging for Date 2014-03-14 20:08:26

INFO:root:Logging for Date 2014-03-14 20:08:32

INFO:root:Logging for Date 2014-03-14 20:08:35

INFO:root:Logging for Date 2014-03-14 20:37:50

INFO:root:Logging for Date 2014-03-14 20:39:41

INFO:root:Logging for Date 2014-03-14 20:39:51

INFO:root:Logging for Date 2014-03-14 20:39:55

INFO:root:Logging for Date 2014-03-14 20:40:03

INFO:root:Logging for Date 2014-03-14 20:40:06

INFO:root:Logging for Date 2014-03-14 20:41:26

